Arguments: 
  C:\Program Files\nodejs\node.exe C:\Program Files (x86)\Yarn\bin\yarn.js

PATH: 
  %SystemRoot%\system32\WindowsPowerShell\v1.0\;C:\Program Files (x86)\Common Files\Oracle\Java\javapath;C:\ProgramData\Oracle\Java\javapath;C:\Users\Faler\AppData\Local\Programs\Python\Python35\Lib\site-packages\PyQt5;C:\Program Files (x86)\Common Files\Intel\Shared Files\cpp\bin\Intel64;C:\Program Files (x86)\NVIDIA Corporation\PhysX\Common;C:\Windows\system32;C:\Windows;C:\Windows\System32\Wbem;C:\Windows\System32\WindowsPowerShell\v1.0\;C:\Program Files (x86)\AMD\ATI.ACE\Core-Static;C:\Program Files (x86)\ATI Technologies\ATI.ACE\Core-Static;C:\Program Files\NVIDIA Corporation\NVIDIA NvDLISR;C:\Program Files (x86)\Brackets\command;C:\Program Files (x86)\AOMEI Backupper;C:\Program Files\nodejs\;C:\Windows\System32\WindowsPowerShell\v1.0\;C:\Windows\System32\WindowsPowerShell\v1.0\;C:\ProgramData\chocolatey\bin;C:\Program Files (x86)\Yarn\bin\;C:\Program Files\Git\cmd;C:\scoop\apps\yarn\current\Yarn\bin;C:\scoop\apps\yarn\current\global\node_modules\.bin;C:\scoop\shims;C:\Users\Faler\scoop\shims;C:\Users\Faler\AppData\Local\Programs\Python\Python35\Scripts\;C:\Users\Faler\AppData\Local\Programs\Python\Python35\;C:\Users\Faler\AppData\Local\atom\bin;C:\Users\Faler\AppData\Local\Programs\Microsoft VS Code\bin;C:\Users\Faler\AppData\Roaming\npm;C:\Users\Faler\AppData\Local\Yarn\bin

Yarn version: 
  1.22.0

Node version: 
  12.16.1

Platform: 
  win32 x64

Trace: 
  Error: https://registry.yarnpkg.com/rxjs/-/rxjs-5.5.12.tgz: ESOCKETTIMEDOUT
      at ClientRequest.<anonymous> (C:\Program Files (x86)\Yarn\lib\cli.js:141354:19)
      at Object.onceWrapper (events.js:417:28)
      at ClientRequest.emit (events.js:311:20)
      at TLSSocket.emitRequestTimeout (_http_client.js:714:9)
      at Object.onceWrapper (events.js:417:28)
      at TLSSocket.emit (events.js:311:20)
      at TLSSocket.Socket._onTimeout (net.js:478:8)
      at listOnTimeout (internal/timers.js:549:17)
      at processTimers (internal/timers.js:492:7)

npm manifest: 
  {
      "name": "gulp-scss-starter",
      "description": "Frontend development with pleasure",
      "author": "Andrey Gorokhov",
      "repository": {
          "type": "git",
          "url": "https://github.com/andreyalexeich/gulp-scss-starter.git"
      },
      "license": "MIT",
      "scripts": {
          "dev": "gulp",
          "build": "gulp prod --production",
          "build:views": "gulp views --production",
          "build:styles": "gulp styles --production",
          "build:scripts": "gulp scripts --production",
          "build:images": "gulp images --production",
          "build:webp": "gulp webp --production",
          "build:sprites": "gulp sprites --production",
          "build:fonts": "gulp fonts --production",
          "build:favicons": "gulp favicons --production",
          "build:gzip": "gulp gzip --production",
          "lint:styles": "stylelint \"src/**/*.scss\" --syntax=scss",
          "lint:styles --fix": "stylelint \"src/**/*.scss\" --syntax=scss --fix",
          "lint:scripts": "eslint --color ./src/blocks",
          "lint:scripts --fix": "eslint --fix --color ./src/blocks"
      },
      "devDependencies": {
          "@babel/core": "^7.4.3",
          "@babel/preset-env": "^7.4.3",
          "@babel/register": "^7.4.0",
          "babel-eslint": "^10.0.1",
          "babel-loader": "^8.0.5",
          "bem-tools-core": "bem-tools/bem-tools-core",
          "bem-tools-create": "bem-tools/bem-tools-create",
          "browser-sync": "^2.23.6",
          "del": "^4.1.1",
          "gulp": "^4.0.0",
          "gulp-autoprefixer": "^6.1.0",
          "gulp-clean-css": "^4.2.0",
          "gulp-debug": "^4.0.0",
          "gulp-favicons": "^2.3.1",
          "gulp-file-include": "^2.0.1",
          "gulp-group-css-media-queries": "^1.2.2",
          "gulp-if": "^2.0.2",
          "gulp-imagemin": "^6.0.0",
          "gulp-plumber": "^1.2.0",
          "gulp-rename": "^1.2.2",
          "gulp-replace": "^1.0.0",
          "gulp-sass": "^4.0.2",
          "gulp-sourcemaps": "^2.6.4",
          "gulp-svg-sprite": "^1.5.0",
          "gulp-watch": "^5.0.0",
          "gulp-webp": "^4.0.1",
          "husky": "^4.2.1",
          "imagemin-giflossy": "^5.1.10",
          "imagemin-jpeg-recompress": "^6.0.0",
          "imagemin-mozjpeg": "^8.0.0",
          "imagemin-pngquant": "^8.0.0",
          "imagemin-webp": "^5.0.0",
          "imagemin-zopfli": "^6.0.0",
          "lint-staged": "^10.0.3",
          "require-dir": "^1.2.0",
          "stylelint": "^10.0.1",
          "stylelint-order": "^3.0.0",
          "stylelint-selector-bem-pattern": "^2.1.0",
          "webpack": "^4.30.0",
          "webpack-stream": "^5.2.1",
          "yargs": "^13.2.4"
      },
      "dependencies": {
          "smart-grid": "^2.1.2"
      },
      "husky": {
          "hooks": {
              "pre-commit": "lint-staged"
          }
      },
      "lint-staged": {
          "!(_*).scss": [
              "stylelint --fix --color --config ./.stylelintrc"
          ],
          "*.js": [
              "eslint --fix --color"
          ]
      }
  }

yarn manifest: 
  No manifest

Lockfile: 
  No lockfile
